<?xml version="1.0" encoding="UTF-8"?>
<!-- Generated by org.testng.reporters.JUnitXMLReporter -->
<testsuite ignored="0" hostname="DESKTOP-NBKIOAJ" failures="0" tests="4" name="Test" time="0.083" errors="0" timestamp="2022-06-22T12:20:29 IST">
  <testcase classname="TestNg_Listener.SataraTest" name="Lonand" time="0.011"/>
  <testcase classname="TestNg_Listener.SataraTest" name="Phaltan" time="0.002"/>
  <testcase classname="TestNg_Listener.PuneTest" name="Hadapsar" time="0.002"/>
  <testcase classname="TestNg_Listener.PuneTest" name="Loni" time="0.001"/>
</testsuite> <!-- Test -->
