<?xml version="1.0" encoding="UTF-8"?>
<!-- Generated by org.testng.reporters.JUnitXMLReporter -->
<testsuite ignored="3" hostname="DESKTOP-NBKIOAJ" failures="1" tests="1" name="Test(failed)" time="0.044" errors="0" timestamp="2022-06-15T14:10:03 IST">
  <testcase classname="xml_Study.Test1" name="myMethod1" time="0.008">
    <failure type="java.lang.AssertionError" message="null">
      <![CDATA[java.lang.AssertionError: null
at xml_Study.Test1.myMethod1(Test1.java:11)
at java.base/java.util.ArrayList.forEach(ArrayList.java:1541)
... Removed 29 stack frames]]>
    </failure>
  </testcase> <!-- myMethod1 -->
  <testcase classname="xml_Study.Test1" name="myMethod3" time="0.0">
    <ignored/>
  </testcase> <!-- myMethod3 -->
  <testcase classname="xml_Study.Test1" name="myMethod2" time="0.0">
    <ignored/>
  </testcase> <!-- myMethod2 -->
  <testcase classname="xml_Study.Test1" name="myMethod4" time="0.0">
    <ignored/>
  </testcase> <!-- myMethod4 -->
</testsuite> <!-- Test(failed) -->
